2026-05-15 18:49:43 +00:00: ValidationError: The 'X-Forwarded-For' header is set but the Express 'trust proxy' setting is false (default). This could indicate a misconfiguration which would prevent express-rate-limit from accurately identifying users. See https://express-rate-limit.github.io/ERR_ERL_UNEXPECTED_X_FORWARDED_FOR/ for more information.
    at Object.xForwardedForHeader (/home/ubuntu/mail_temp/backend/node_modules/express-rate-limit/dist/index.cjs:185:13)
    at wrappedValidations.<computed> [as xForwardedForHeader] (/home/ubuntu/mail_temp/backend/node_modules/express-rate-limit/dist/index.cjs:397:22)
    at Object.keyGenerator (/home/ubuntu/mail_temp/backend/node_modules/express-rate-limit/dist/index.cjs:658:20)
    at /home/ubuntu/mail_temp/backend/node_modules/express-rate-limit/dist/index.cjs:710:32
    at process.processTicksAndRejections (node:internal/process/task_queues:95:5)
    at async /home/ubuntu/mail_temp/backend/node_modules/express-rate-limit/dist/index.cjs:691:5 {
  code: 'ERR_ERL_UNEXPECTED_X_FORWARDED_FOR',
  help: 'https://express-rate-limit.github.io/ERR_ERL_UNEXPECTED_X_FORWARDED_FOR/'
}
2026-05-15 18:53:11 +00:00: ValidationError: The 'X-Forwarded-For' header is set but the Express 'trust proxy' setting is false (default). This could indicate a misconfiguration which would prevent express-rate-limit from accurately identifying users. See https://express-rate-limit.github.io/ERR_ERL_UNEXPECTED_X_FORWARDED_FOR/ for more information.
    at Object.xForwardedForHeader (/home/ubuntu/mail_temp/backend/node_modules/express-rate-limit/dist/index.cjs:185:13)
    at wrappedValidations.<computed> [as xForwardedForHeader] (/home/ubuntu/mail_temp/backend/node_modules/express-rate-limit/dist/index.cjs:397:22)
    at Object.keyGenerator (/home/ubuntu/mail_temp/backend/node_modules/express-rate-limit/dist/index.cjs:658:20)
    at /home/ubuntu/mail_temp/backend/node_modules/express-rate-limit/dist/index.cjs:710:32
    at process.processTicksAndRejections (node:internal/process/task_queues:95:5)
    at async /home/ubuntu/mail_temp/backend/node_modules/express-rate-limit/dist/index.cjs:691:5 {
  code: 'ERR_ERL_UNEXPECTED_X_FORWARDED_FOR',
  help: 'https://express-rate-limit.github.io/ERR_ERL_UNEXPECTED_X_FORWARDED_FOR/'
}
2026-05-15 18:53:35 +00:00: ValidationError: The 'X-Forwarded-For' header is set but the Express 'trust proxy' setting is false (default). This could indicate a misconfiguration which would prevent express-rate-limit from accurately identifying users. See https://express-rate-limit.github.io/ERR_ERL_UNEXPECTED_X_FORWARDED_FOR/ for more information.
    at Object.xForwardedForHeader (/home/ubuntu/mail_temp/backend/node_modules/express-rate-limit/dist/index.cjs:185:13)
    at wrappedValidations.<computed> [as xForwardedForHeader] (/home/ubuntu/mail_temp/backend/node_modules/express-rate-limit/dist/index.cjs:397:22)
    at Object.keyGenerator (/home/ubuntu/mail_temp/backend/node_modules/express-rate-limit/dist/index.cjs:658:20)
    at /home/ubuntu/mail_temp/backend/node_modules/express-rate-limit/dist/index.cjs:710:32
    at process.processTicksAndRejections (node:internal/process/task_queues:95:5)
    at async /home/ubuntu/mail_temp/backend/node_modules/express-rate-limit/dist/index.cjs:691:5 {
  code: 'ERR_ERL_UNEXPECTED_X_FORWARDED_FOR',
  help: 'https://express-rate-limit.github.io/ERR_ERL_UNEXPECTED_X_FORWARDED_FOR/'
}
2026-05-15 18:54:47 +00:00: ValidationError: The 'X-Forwarded-For' header is set but the Express 'trust proxy' setting is false (default). This could indicate a misconfiguration which would prevent express-rate-limit from accurately identifying users. See https://express-rate-limit.github.io/ERR_ERL_UNEXPECTED_X_FORWARDED_FOR/ for more information.
    at Object.xForwardedForHeader (/home/ubuntu/mail_temp/backend/node_modules/express-rate-limit/dist/index.cjs:185:13)
    at wrappedValidations.<computed> [as xForwardedForHeader] (/home/ubuntu/mail_temp/backend/node_modules/express-rate-limit/dist/index.cjs:397:22)
    at Object.keyGenerator (/home/ubuntu/mail_temp/backend/node_modules/express-rate-limit/dist/index.cjs:658:20)
    at /home/ubuntu/mail_temp/backend/node_modules/express-rate-limit/dist/index.cjs:710:32
    at process.processTicksAndRejections (node:internal/process/task_queues:95:5)
    at async /home/ubuntu/mail_temp/backend/node_modules/express-rate-limit/dist/index.cjs:691:5 {
  code: 'ERR_ERL_UNEXPECTED_X_FORWARDED_FOR',
  help: 'https://express-rate-limit.github.io/ERR_ERL_UNEXPECTED_X_FORWARDED_FOR/'
}
2026-05-15 19:02:15 +00:00: ValidationError: The 'X-Forwarded-For' header is set but the Express 'trust proxy' setting is false (default). This could indicate a misconfiguration which would prevent express-rate-limit from accurately identifying users. See https://express-rate-limit.github.io/ERR_ERL_UNEXPECTED_X_FORWARDED_FOR/ for more information.
    at Object.xForwardedForHeader (/home/ubuntu/mail_temp/backend/node_modules/express-rate-limit/dist/index.cjs:185:13)
    at wrappedValidations.<computed> [as xForwardedForHeader] (/home/ubuntu/mail_temp/backend/node_modules/express-rate-limit/dist/index.cjs:397:22)
    at Object.keyGenerator (/home/ubuntu/mail_temp/backend/node_modules/express-rate-limit/dist/index.cjs:658:20)
    at /home/ubuntu/mail_temp/backend/node_modules/express-rate-limit/dist/index.cjs:710:32
    at process.processTicksAndRejections (node:internal/process/task_queues:95:5)
    at async /home/ubuntu/mail_temp/backend/node_modules/express-rate-limit/dist/index.cjs:691:5 {
  code: 'ERR_ERL_UNEXPECTED_X_FORWARDED_FOR',
  help: 'https://express-rate-limit.github.io/ERR_ERL_UNEXPECTED_X_FORWARDED_FOR/'
}
