You have triggered an unhandledRejection, you may have forgotten to catch a Promise rejection:
TypeError: Invalid URL
    at new URL (node:internal/url:806:29)
    at RedisClient.parseURL (/home/ubuntu/mail_temp/backend/node_modules/@redis/client/dist/lib/client/index.js:51:76)
    at Commander._RedisClient_initiateOptions (/home/ubuntu/mail_temp/backend/node_modules/@redis/client/dist/lib/client/index.js:365:27)
    at new RedisClient (/home/ubuntu/mail_temp/backend/node_modules/@redis/client/dist/lib/client/index.js:168:148)
    at new Commander (/home/ubuntu/mail_temp/backend/node_modules/@redis/client/dist/lib/commander.js:44:13)
    at create (/home/ubuntu/mail_temp/backend/node_modules/@redis/client/dist/lib/client/index.js:47:16)
    at createClient (/home/ubuntu/mail_temp/backend/node_modules/redis/dist/index.js:38:38)
    at /home/ubuntu/mail_temp/backend/server.js:41:17
    at Object.<anonymous> (/home/ubuntu/mail_temp/backend/server.js:47:3)
    at Module._compile (node:internal/modules/cjs/loader:1521:14)
You have triggered an unhandledRejection, you may have forgotten to catch a Promise rejection:
TypeError: Invalid URL
    at new URL (node:internal/url:806:29)
    at RedisClient.parseURL (/home/ubuntu/mail_temp/backend/node_modules/@redis/client/dist/lib/client/index.js:51:76)
    at Commander._RedisClient_initiateOptions (/home/ubuntu/mail_temp/backend/node_modules/@redis/client/dist/lib/client/index.js:365:27)
    at new RedisClient (/home/ubuntu/mail_temp/backend/node_modules/@redis/client/dist/lib/client/index.js:168:148)
    at new Commander (/home/ubuntu/mail_temp/backend/node_modules/@redis/client/dist/lib/commander.js:44:13)
    at create (/home/ubuntu/mail_temp/backend/node_modules/@redis/client/dist/lib/client/index.js:47:16)
    at createClient (/home/ubuntu/mail_temp/backend/node_modules/redis/dist/index.js:38:38)
    at /home/ubuntu/mail_temp/backend/server.js:41:17
    at Object.<anonymous> (/home/ubuntu/mail_temp/backend/server.js:47:3)
    at Module._compile (node:internal/modules/cjs/loader:1521:14)
2026-05-15 16:46:36 +00:00: Signup error: Error: SASL: SCRAM-SERVER-FIRST-MESSAGE: client password must be a string
    at /home/ubuntu/mail_temp/backend/node_modules/pg-pool/index.js:45:11
    at process.processTicksAndRejections (node:internal/process/task_queues:95:5)
    at async /home/ubuntu/mail_temp/backend/server.js:207:20
